<?xml version="1.0" encoding="UTF-8"?>
<testsuite xmlns:xsi="http://www.w3.org/2001/XMLSchema-instance" xsi:noNamespaceSchemaLocation="https://maven.apache.org/surefire/maven-surefire-plugin/xsd/surefire-test-report.xsd" name="com.iot.parking.LotServletTest" time="0.401" tests="1" errors="0" skipped="0" failures="1">
  <properties>
[...]
</properties>
  <testcase name="testLotRequest" classname="com.iot.parking.LotServletTest" time="0.401">
    <failure message="Lots request&#10;Expected: is &lt;200&gt;&#10;     but: was &lt;503&gt;" type="java.lang.AssertionError"><![CDATA[java.lang.AssertionError: 
Lots request
Expected: is <200>
     but: was <503>
	at com.iot.parking.LotServletTest.testLotRequest(LotServletTest.java:26)
]]></failure>
  </testcase>
</testsuite>